{"/testbed/modules/btc-utils.js": {"path":"/testbed/modules/btc-utils.js","statementMap":{"0":{"start":{"line":1,"column":16},"end":{"line":1,"column":40}},"1":{"start":{"line":2,"column":14},"end":{"line":2,"column":30}},"2":{"start":{"line":3,"column":16},"end":{"line":3,"column":34}},"3":{"start":{"line":4,"column":13},"end":{"line":4,"column":28}},"4":{"start":{"line":6,"column":21},"end":{"line":6,"column":44}},"5":{"start":{"line":8,"column":16},"end":{"line":8,"column":41}},"6":{"start":{"line":10,"column":17},"end":{"line":10,"column":92}},"7":{"start":{"line":11,"column":14},"end":{"line":11,"column":48}},"8":{"start":{"line":12,"column":17},"end":{"line":12,"column":58}},"9":{"start":{"line":17,"column":1},"end":{"line":29,"column":2}},"10":{"start":{"line":19,"column":18},"end":{"line":19,"column":48}},"11":{"start":{"line":20,"column":12},"end":{"line":20,"column":44}},"12":{"start":{"line":21,"column":11},"end":{"line":21,"column":67}},"13":{"start":{"line":22,"column":17},"end":{"line":22,"column":38}},"14":{"start":{"line":23,"column":2},"end":{"line":23,"column":16}},"15":{"start":{"line":27,"column":2},"end":{"line":27,"column":53}},"16":{"start":{"line":28,"column":2},"end":{"line":28,"column":12}},"17":{"start":{"line":34,"column":1},"end":{"line":69,"column":2}},"18":{"start":{"line":36,"column":12},"end":{"line":36,"column":51}},"19":{"start":{"line":38,"column":2},"end":{"line":41,"column":3}},"20":{"start":{"line":40,"column":3},"end":{"line":40,"column":60}},"21":{"start":{"line":43,"column":2},"end":{"line":64,"column":3}},"22":{"start":{"line":45,"column":3},"end":{"line":48,"column":4}},"23":{"start":{"line":47,"column":4},"end":{"line":47,"column":47}},"24":{"start":{"line":50,"column":3},"end":{"line":50,"column":43}},"25":{"start":{"line":51,"column":3},"end":{"line":51,"column":31}},"26":{"start":{"line":53,"column":3},"end":{"line":56,"column":4}},"27":{"start":{"line":55,"column":4},"end":{"line":55,"column":42}},"28":{"start":{"line":58,"column":3},"end":{"line":58,"column":20}},"29":{"start":{"line":60,"column":12},"end":{"line":60,"column":23}},"30":{"start":{"line":61,"column":3},"end":{"line":61,"column":50}},"31":{"start":{"line":63,"column":3},"end":{"line":63,"column":13}},"32":{"start":{"line":68,"column":2},"end":{"line":68,"column":21}},"33":{"start":{"line":74,"column":1},"end":{"line":74,"column":41}},"34":{"start":{"line":75,"column":16},"end":{"line":75,"column":49}},"35":{"start":{"line":76,"column":15},"end":{"line":82,"column":2}},"36":{"start":{"line":84,"column":1},"end":{"line":100,"column":2}},"37":{"start":{"line":86,"column":36},"end":{"line":86,"column":63}},"38":{"start":{"line":87,"column":2},"end":{"line":91,"column":3}},"39":{"start":{"line":89,"column":3},"end":{"line":89,"column":43}},"40":{"start":{"line":90,"column":3},"end":{"line":90,"column":15}},"41":{"start":{"line":92,"column":2},"end":{"line":92,"column":42}},"42":{"start":{"line":93,"column":2},"end":{"line":93,"column":57}},"43":{"start":{"line":94,"column":2},"end":{"line":94,"column":32}},"44":{"start":{"line":98,"column":2},"end":{"line":98,"column":41}},"45":{"start":{"line":99,"column":2},"end":{"line":99,"column":12}},"46":{"start":{"line":105,"column":11},"end":{"line":105,"column":70}},"47":{"start":{"line":106,"column":1},"end":{"line":106,"column":83}},"48":{"start":{"line":108,"column":1},"end":{"line":135,"column":2}},"49":{"start":{"line":110,"column":36},"end":{"line":110,"column":59}},"50":{"start":{"line":111,"column":2},"end":{"line":129,"column":58}},"51":{"start":{"line":113,"column":3},"end":{"line":113,"column":24}},"52":{"start":{"line":114,"column":3},"end":{"line":114,"column":15}},"53":{"start":{"line":116,"column":7},"end":{"line":129,"column":58}},"54":{"start":{"line":118,"column":14},"end":{"line":118,"column":30}},"55":{"start":{"line":119,"column":3},"end":{"line":126,"column":61}},"56":{"start":{"line":121,"column":4},"end":{"line":121,"column":48}},"57":{"start":{"line":122,"column":4},"end":{"line":122,"column":109}},"58":{"start":{"line":123,"column":4},"end":{"line":123,"column":26}},"59":{"start":{"line":126,"column":4},"end":{"line":126,"column":61}},"60":{"start":{"line":129,"column":3},"end":{"line":129,"column":58}},"61":{"start":{"line":133,"column":2},"end":{"line":133,"column":55}},"62":{"start":{"line":134,"column":2},"end":{"line":134,"column":12}},"63":{"start":{"line":140,"column":22},"end":{"line":140,"column":53}},"64":{"start":{"line":141,"column":17},"end":{"line":141,"column":40}},"65":{"start":{"line":142,"column":1},"end":{"line":142,"column":33}},"66":{"start":{"line":148,"column":13},"end":{"line":148,"column":45}},"67":{"start":{"line":149,"column":1},"end":{"line":149,"column":61}},"68":{"start":{"line":151,"column":1},"end":{"line":151,"column":14}},"69":{"start":{"line":157,"column":15},"end":{"line":157,"column":17}},"70":{"start":{"line":158,"column":11},"end":{"line":158,"column":65}},"71":{"start":{"line":159,"column":1},"end":{"line":184,"column":2}},"72":{"start":{"line":161,"column":36},"end":{"line":161,"column":59}},"73":{"start":{"line":162,"column":2},"end":{"line":178,"column":3}},"74":{"start":{"line":164,"column":13},"end":{"line":164,"column":29}},"75":{"start":{"line":165,"column":3},"end":{"line":172,"column":4}},"76":{"start":{"line":167,"column":14},"end":{"line":167,"column":25}},"77":{"start":{"line":168,"column":14},"end":{"line":168,"column":29}},"78":{"start":{"line":169,"column":15},"end":{"line":169,"column":29}},"79":{"start":{"line":171,"column":4},"end":{"line":171,"column":15}},"80":{"start":{"line":174,"column":7},"end":{"line":178,"column":3}},"81":{"start":{"line":176,"column":3},"end":{"line":176,"column":98}},"82":{"start":{"line":177,"column":3},"end":{"line":177,"column":18}},"83":{"start":{"line":182,"column":2},"end":{"line":182,"column":97}},"84":{"start":{"line":183,"column":2},"end":{"line":183,"column":17}},"85":{"start":{"line":189,"column":1},"end":{"line":189,"column":27}},"86":{"start":{"line":194,"column":11},"end":{"line":194,"column":61}},"87":{"start":{"line":195,"column":1},"end":{"line":213,"column":2}},"88":{"start":{"line":197,"column":36},"end":{"line":197,"column":59}},"89":{"start":{"line":198,"column":2},"end":{"line":207,"column":19}},"90":{"start":{"line":200,"column":14},"end":{"line":200,"column":30}},"91":{"start":{"line":201,"column":3},"end":{"line":205,"column":4}},"92":{"start":{"line":203,"column":4},"end":{"line":203,"column":84}},"93":{"start":{"line":204,"column":4},"end":{"line":204,"column":30}},"94":{"start":{"line":207,"column":7},"end":{"line":207,"column":19}},"95":{"start":{"line":211,"column":2},"end":{"line":211,"column":47}},"96":{"start":{"line":212,"column":2},"end":{"line":212,"column":12}},"97":{"start":{"line":218,"column":1},"end":{"line":218,"column":49}},"98":{"start":{"line":219,"column":1},"end":{"line":219,"column":39}},"99":{"start":{"line":220,"column":12},"end":{"line":220,"column":24}},"100":{"start":{"line":221,"column":1},"end":{"line":221,"column":8}},"101":{"start":{"line":222,"column":1},"end":{"line":222,"column":43}},"102":{"start":{"line":224,"column":1},"end":{"line":235,"column":2}},"103":{"start":{"line":226,"column":2},"end":{"line":234,"column":3}},"104":{"start":{"line":228,"column":20},"end":{"line":228,"column":49}},"105":{"start":{"line":229,"column":6},"end":{"line":229,"column":21}},"106":{"start":{"line":233,"column":3},"end":{"line":233,"column":63}},"107":{"start":{"line":236,"column":1},"end":{"line":236,"column":13}},"108":{"start":{"line":241,"column":1},"end":{"line":250,"column":2}},"109":{"start":{"line":243,"column":19},"end":{"line":243,"column":45}},"110":{"start":{"line":244,"column":5},"end":{"line":244,"column":20}},"111":{"start":{"line":248,"column":2},"end":{"line":248,"column":62}},"112":{"start":{"line":249,"column":2},"end":{"line":249,"column":14}},"113":{"start":{"line":255,"column":1},"end":{"line":255,"column":61}},"114":{"start":{"line":256,"column":12},"end":{"line":256,"column":42}},"115":{"start":{"line":257,"column":1},"end":{"line":257,"column":37}},"116":{"start":{"line":258,"column":10},"end":{"line":258,"column":58}},"117":{"start":{"line":259,"column":12},"end":{"line":259,"column":56}},"118":{"start":{"line":260,"column":1},"end":{"line":260,"column":37}},"119":{"start":{"line":261,"column":1},"end":{"line":261,"column":13}},"120":{"start":{"line":264,"column":0},"end":{"line":272,"column":1}}},"fnMap":{"0":{"name":"processTransaction","decl":{"start":{"line":15,"column":15},"end":{"line":15,"column":33}},"loc":{"start":{"line":16,"column":0},"end":{"line":30,"column":1}},"line":16},"1":{"name":"buildTransaction","decl":{"start":{"line":32,"column":9},"end":{"line":32,"column":25}},"loc":{"start":{"line":33,"column":0},"end":{"line":70,"column":1}},"line":33},"2":{"name":"broadcastTx","decl":{"start":{"line":72,"column":15},"end":{"line":72,"column":26}},"loc":{"start":{"line":73,"column":0},"end":{"line":101,"column":1}},"line":73},"3":{"name":"getUnspent","decl":{"start":{"line":103,"column":15},"end":{"line":103,"column":25}},"loc":{"start":{"line":104,"column":0},"end":{"line":136,"column":1}},"line":104},"4":{"name":"getTxFee","decl":{"start":{"line":138,"column":15},"end":{"line":138,"column":23}},"loc":{"start":{"line":139,"column":0},"end":{"line":143,"column":1}},"line":139},"5":{"name":"getNoOfBytes","decl":{"start":{"line":145,"column":9},"end":{"line":145,"column":21}},"loc":{"start":{"line":146,"column":0},"end":{"line":152,"column":1}},"line":146},"6":{"name":"getPricePerByte","decl":{"start":{"line":154,"column":15},"end":{"line":154,"column":30}},"loc":{"start":{"line":155,"column":0},"end":{"line":185,"column":1}},"line":155},"7":{"name":"satoshiToBTC","decl":{"start":{"line":187,"column":9},"end":{"line":187,"column":21}},"loc":{"start":{"line":188,"column":0},"end":{"line":190,"column":1}},"line":188},"8":{"name":"getBalance","decl":{"start":{"line":192,"column":15},"end":{"line":192,"column":25}},"loc":{"start":{"line":193,"column":0},"end":{"line":214,"column":1}},"line":193},"9":{"name":"generateNewAddress","decl":{"start":{"line":216,"column":9},"end":{"line":216,"column":27}},"loc":{"start":{"line":217,"column":0},"end":{"line":237,"column":1}},"line":217},"10":{"name":"generateRootAddress","decl":{"start":{"line":239,"column":9},"end":{"line":239,"column":28}},"loc":{"start":{"line":240,"column":0},"end":{"line":251,"column":1}},"line":240},"11":{"name":"deriveNode","decl":{"start":{"line":253,"column":9},"end":{"line":253,"column":19}},"loc":{"start":{"line":254,"column":0},"end":{"line":262,"column":1}},"line":254}},"branchMap":{"0":{"loc":{"start":{"line":43,"column":2},"end":{"line":64,"column":3}},"type":"if","locations":[{"start":{"line":43,"column":2},"end":{"line":64,"column":3}},{"start":{"line":43,"column":2},"end":{"line":64,"column":3}}],"line":43},"1":{"loc":{"start":{"line":43,"column":5},"end":{"line":43,"column":61}},"type":"binary-expr","locations":[{"start":{"line":43,"column":5},"end":{"line":43,"column":31}},{"start":{"line":43,"column":35},"end":{"line":43,"column":61}}],"line":43},"2":{"loc":{"start":{"line":53,"column":3},"end":{"line":56,"column":4}},"type":"if","locations":[{"start":{"line":53,"column":3},"end":{"line":56,"column":4}},{"start":{"line":53,"column":3},"end":{"line":56,"column":4}}],"line":53},"3":{"loc":{"start":{"line":87,"column":2},"end":{"line":91,"column":3}},"type":"if","locations":[{"start":{"line":87,"column":2},"end":{"line":91,"column":3}},{"start":{"line":87,"column":2},"end":{"line":91,"column":3}}],"line":87},"4":{"loc":{"start":{"line":111,"column":2},"end":{"line":129,"column":58}},"type":"if","locations":[{"start":{"line":111,"column":2},"end":{"line":129,"column":58}},{"start":{"line":111,"column":2},"end":{"line":129,"column":58}}],"line":111},"5":{"loc":{"start":{"line":116,"column":7},"end":{"line":129,"column":58}},"type":"if","locations":[{"start":{"line":116,"column":7},"end":{"line":129,"column":58}},{"start":{"line":116,"column":7},"end":{"line":129,"column":58}}],"line":116},"6":{"loc":{"start":{"line":119,"column":3},"end":{"line":126,"column":61}},"type":"if","locations":[{"start":{"line":119,"column":3},"end":{"line":126,"column":61}},{"start":{"line":119,"column":3},"end":{"line":126,"column":61}}],"line":119},"7":{"loc":{"start":{"line":119,"column":6},"end":{"line":119,"column":72}},"type":"binary-expr","locations":[{"start":{"line":119,"column":6},"end":{"line":119,"column":32}},{"start":{"line":119,"column":36},"end":{"line":119,"column":72}}],"line":119},"8":{"loc":{"start":{"line":162,"column":2},"end":{"line":178,"column":3}},"type":"if","locations":[{"start":{"line":162,"column":2},"end":{"line":178,"column":3}},{"start":{"line":162,"column":2},"end":{"line":178,"column":3}}],"line":162},"9":{"loc":{"start":{"line":162,"column":6},"end":{"line":162,"column":42}},"type":"binary-expr","locations":[{"start":{"line":162,"column":6},"end":{"line":162,"column":12}},{"start":{"line":162,"column":16},"end":{"line":162,"column":42}}],"line":162},"10":{"loc":{"start":{"line":165,"column":3},"end":{"line":172,"column":4}},"type":"if","locations":[{"start":{"line":165,"column":3},"end":{"line":172,"column":4}},{"start":{"line":165,"column":3},"end":{"line":172,"column":4}}],"line":165},"11":{"loc":{"start":{"line":165,"column":6},"end":{"line":165,"column":46}},"type":"binary-expr","locations":[{"start":{"line":165,"column":6},"end":{"line":165,"column":31}},{"start":{"line":165,"column":35},"end":{"line":165,"column":46}}],"line":165},"12":{"loc":{"start":{"line":174,"column":7},"end":{"line":178,"column":3}},"type":"if","locations":[{"start":{"line":174,"column":7},"end":{"line":178,"column":3}},{"start":{"line":174,"column":7},"end":{"line":178,"column":3}}],"line":174},"13":{"loc":{"start":{"line":198,"column":2},"end":{"line":207,"column":19}},"type":"if","locations":[{"start":{"line":198,"column":2},"end":{"line":207,"column":19}},{"start":{"line":198,"column":2},"end":{"line":207,"column":19}}],"line":198},"14":{"loc":{"start":{"line":198,"column":6},"end":{"line":198,"column":42}},"type":"binary-expr","locations":[{"start":{"line":198,"column":6},"end":{"line":198,"column":12}},{"start":{"line":198,"column":16},"end":{"line":198,"column":42}}],"line":198},"15":{"loc":{"start":{"line":201,"column":3},"end":{"line":205,"column":4}},"type":"if","locations":[{"start":{"line":201,"column":3},"end":{"line":205,"column":4}},{"start":{"line":201,"column":3},"end":{"line":205,"column":4}}],"line":201},"16":{"loc":{"start":{"line":224,"column":1},"end":{"line":235,"column":2}},"type":"if","locations":[{"start":{"line":224,"column":1},"end":{"line":235,"column":2}},{"start":{"line":224,"column":1},"end":{"line":235,"column":2}}],"line":224}},"s":{"0":1,"1":1,"2":1,"3":1,"4":1,"5":1,"6":1,"7":1,"8":1,"9":1,"10":1,"11":0,"12":0,"13":0,"14":0,"15":1,"16":1,"17":0,"18":0,"19":0,"20":0,"21":0,"22":0,"23":0,"24":0,"25":0,"26":0,"27":0,"28":0,"29":0,"30":0,"31":0,"32":0,"33":2,"34":2,"35":2,"36":2,"37":2,"38":2,"39":1,"40":1,"41":1,"42":1,"43":1,"44":1,"45":1,"46":4,"47":4,"48":4,"49":4,"50":3,"51":1,"52":1,"53":2,"54":2,"55":2,"56":1,"57":1,"58":1,"59":1,"60":0,"61":3,"62":3,"63":4,"64":4,"65":4,"66":4,"67":4,"68":4,"69":4,"70":4,"71":4,"72":4,"73":4,"74":3,"75":3,"76":3,"77":3,"78":3,"79":3,"80":1,"81":1,"82":1,"83":0,"84":0,"85":1,"86":2,"87":2,"88":2,"89":2,"90":1,"91":1,"92":1,"93":1,"94":1,"95":1,"96":1,"97":3,"98":3,"99":3,"100":3,"101":3,"102":3,"103":3,"104":3,"105":3,"106":0,"107":0,"108":3,"109":3,"110":3,"111":0,"112":0,"113":6,"114":6,"115":6,"116":6,"117":6,"118":6,"119":6,"120":1},"f":{"0":1,"1":0,"2":2,"3":4,"4":4,"5":4,"6":4,"7":1,"8":2,"9":3,"10":3,"11":6},"b":{"0":[0,0],"1":[0,0],"2":[0,0],"3":[1,1],"4":[1,2],"5":[2,0],"6":[1,1],"7":[2,2],"8":[3,1],"9":[4,3],"10":[3,0],"11":[3,3],"12":[1,0],"13":[1,1],"14":[2,1],"15":[1,0],"16":[3,0]},"_coverageSchema":"332fd63041d2c1bcb487cc26dd0d5f7d97098a6c","hash":"ff36662f9c54a42791d7c4edd686ec2c6884e64e"}
,"/testbed/modules/crypt.js": {"path":"/testbed/modules/crypt.js","statementMap":{"0":{"start":{"line":2,"column":13},"end":{"line":2,"column":30}},"1":{"start":{"line":3,"column":23},"end":{"line":3,"column":36}},"2":{"start":{"line":5,"column":0},"end":{"line":21,"column":1}},"3":{"start":{"line":9,"column":15},"end":{"line":9,"column":31}},"4":{"start":{"line":10,"column":22},"end":{"line":10,"column":70}},"5":{"start":{"line":11,"column":6},"end":{"line":11,"column":88}},"6":{"start":{"line":16,"column":15},"end":{"line":16,"column":31}},"7":{"start":{"line":17,"column":22},"end":{"line":17,"column":72}},"8":{"start":{"line":18,"column":6},"end":{"line":18,"column":92}}},"fnMap":{"0":{"name":"(anonymous_0)","decl":{"start":{"line":7,"column":11},"end":{"line":7,"column":12}},"loc":{"start":{"line":8,"column":2},"end":{"line":12,"column":3}},"line":8},"1":{"name":"(anonymous_1)","decl":{"start":{"line":14,"column":11},"end":{"line":14,"column":12}},"loc":{"start":{"line":15,"column":2},"end":{"line":19,"column":3}},"line":15}},"branchMap":{},"s":{"0":2,"1":2,"2":2,"3":19,"4":19,"5":19,"6":11,"7":11,"8":11},"f":{"0":19,"1":11},"b":{},"_coverageSchema":"332fd63041d2c1bcb487cc26dd0d5f7d97098a6c","hash":"b5ea23d7e6db17e5dc1c7270d40c14da017b339a"}
,"/testbed/modules/utils.js": {"path":"/testbed/modules/utils.js","statementMap":{"0":{"start":{"line":1,"column":16},"end":{"line":1,"column":37}},"1":{"start":{"line":3,"column":0},"end":{"line":69,"column":1}},"2":{"start":{"line":9,"column":2},"end":{"line":14,"column":4}},"3":{"start":{"line":19,"column":2},"end":{"line":24,"column":4}},"4":{"start":{"line":29,"column":2},"end":{"line":39,"column":3}},"5":{"start":{"line":34,"column":3},"end":{"line":34,"column":16}},"6":{"start":{"line":38,"column":3},"end":{"line":38,"column":15}},"7":{"start":{"line":44,"column":2},"end":{"line":44,"column":20}},"8":{"start":{"line":45,"column":14},"end":{"line":45,"column":98}},"9":{"start":{"line":46,"column":2},"end":{"line":46,"column":15}},"10":{"start":{"line":51,"column":22},"end":{"line":51,"column":52}},"11":{"start":{"line":52,"column":15},"end":{"line":52,"column":49}},"12":{"start":{"line":54,"column":25},"end":{"line":54,"column":63}},"13":{"start":{"line":55,"column":25},"end":{"line":55,"column":66}},"14":{"start":{"line":57,"column":2},"end":{"line":57,"column":32}},"15":{"start":{"line":58,"column":2},"end":{"line":58,"column":32}},"16":{"start":{"line":63,"column":5},"end":{"line":63,"column":52}},"17":{"start":{"line":63,"column":26},"end":{"line":63,"column":52}},"18":{"start":{"line":64,"column":5},"end":{"line":64,"column":58}},"19":{"start":{"line":64,"column":26},"end":{"line":64,"column":58}},"20":{"start":{"line":65,"column":5},"end":{"line":65,"column":25}}},"fnMap":{"0":{"name":"(anonymous_0)","decl":{"start":{"line":7,"column":28},"end":{"line":7,"column":29}},"loc":{"start":{"line":8,"column":1},"end":{"line":15,"column":2}},"line":8},"1":{"name":"(anonymous_1)","decl":{"start":{"line":17,"column":24},"end":{"line":17,"column":25}},"loc":{"start":{"line":18,"column":1},"end":{"line":25,"column":2}},"line":18},"2":{"name":"(anonymous_2)","decl":{"start":{"line":27,"column":19},"end":{"line":27,"column":20}},"loc":{"start":{"line":28,"column":1},"end":{"line":40,"column":2}},"line":28},"3":{"name":"(anonymous_3)","decl":{"start":{"line":42,"column":12},"end":{"line":42,"column":13}},"loc":{"start":{"line":43,"column":1},"end":{"line":47,"column":2}},"line":43},"4":{"name":"(anonymous_4)","decl":{"start":{"line":49,"column":15},"end":{"line":49,"column":16}},"loc":{"start":{"line":50,"column":1},"end":{"line":59,"column":2}},"line":50},"5":{"name":"(anonymous_5)","decl":{"start":{"line":61,"column":13},"end":{"line":61,"column":14}},"loc":{"start":{"line":62,"column":1},"end":{"line":66,"column":2}},"line":62}},"branchMap":{"0":{"loc":{"start":{"line":29,"column":2},"end":{"line":39,"column":3}},"type":"if","locations":[{"start":{"line":29,"column":2},"end":{"line":39,"column":3}},{"start":{"line":29,"column":2},"end":{"line":39,"column":3}}],"line":29},"1":{"loc":{"start":{"line":29,"column":5},"end":{"line":32,"column":38}},"type":"binary-expr","locations":[{"start":{"line":29,"column":5},"end":{"line":29,"column":37}},{"start":{"line":30,"column":6},"end":{"line":30,"column":37}},{"start":{"line":31,"column":6},"end":{"line":31,"column":39}},{"start":{"line":32,"column":6},"end":{"line":32,"column":38}}],"line":29},"2":{"loc":{"start":{"line":63,"column":5},"end":{"line":63,"column":52}},"type":"if","locations":[{"start":{"line":63,"column":5},"end":{"line":63,"column":52}},{"start":{"line":63,"column":5},"end":{"line":63,"column":52}}],"line":63},"3":{"loc":{"start":{"line":63,"column":8},"end":{"line":63,"column":24}},"type":"binary-expr","locations":[{"start":{"line":63,"column":8},"end":{"line":63,"column":14}},{"start":{"line":63,"column":18},"end":{"line":63,"column":24}}],"line":63},"4":{"loc":{"start":{"line":64,"column":5},"end":{"line":64,"column":58}},"type":"if","locations":[{"start":{"line":64,"column":5},"end":{"line":64,"column":58}},{"start":{"line":64,"column":5},"end":{"line":64,"column":58}}],"line":64},"5":{"loc":{"start":{"line":64,"column":8},"end":{"line":64,"column":24}},"type":"binary-expr","locations":[{"start":{"line":64,"column":8},"end":{"line":64,"column":15}},{"start":{"line":64,"column":19},"end":{"line":64,"column":24}}],"line":64}},"s":{"0":1,"1":1,"2":2,"3":1,"4":5,"5":4,"6":1,"7":3,"8":3,"9":3,"10":1,"11":1,"12":1,"13":1,"14":1,"15":1,"16":5,"17":2,"18":3,"19":1,"20":2},"f":{"0":2,"1":1,"2":5,"3":3,"4":1,"5":5},"b":{"0":[4,1],"1":[5,4,3,2],"2":[2,3],"3":[5,3],"4":[1,2],"5":[3,2]},"_coverageSchema":"332fd63041d2c1bcb487cc26dd0d5f7d97098a6c","hash":"c541821ea55656a4b7fc0df1ba68197896764675"}
}
