TN:
SF:/testbed/modules/btc-utils.js
FN:15,processTransaction
FN:32,buildTransaction
FN:72,broadcastTx
FN:103,getUnspent
FN:138,getTxFee
FN:145,getNoOfBytes
FN:154,getPricePerByte
FN:187,satoshiToBTC
FN:192,getBalance
FN:216,generateNewAddress
FN:239,generateRootAddress
FN:253,deriveNode
FNF:12
FNH:11
FNDA:1,processTransaction
FNDA:0,buildTransaction
FNDA:2,broadcastTx
FNDA:4,getUnspent
FNDA:4,getTxFee
FNDA:4,getNoOfBytes
FNDA:4,getPricePerByte
FNDA:1,satoshiToBTC
FNDA:2,getBalance
FNDA:3,generateNewAddress
FNDA:3,generateRootAddress
FNDA:6,deriveNode
DA:1,1
DA:2,1
DA:3,1
DA:4,1
DA:6,1
DA:8,1
DA:10,1
DA:11,1
DA:12,1
DA:17,1
DA:19,1
DA:20,0
DA:21,0
DA:22,0
DA:23,0
DA:27,1
DA:28,1
DA:34,0
DA:36,0
DA:38,0
DA:40,0
DA:43,0
DA:45,0
DA:47,0
DA:50,0
DA:51,0
DA:53,0
DA:55,0
DA:58,0
DA:60,0
DA:61,0
DA:63,0
DA:68,0
DA:74,2
DA:75,2
DA:76,2
DA:84,2
DA:86,2
DA:87,2
DA:89,1
DA:90,1
DA:92,1
DA:93,1
DA:94,1
DA:98,1
DA:99,1
DA:105,4
DA:106,4
DA:108,4
DA:110,4
DA:111,3
DA:113,1
DA:114,1
DA:116,2
DA:118,2
DA:119,2
DA:121,1
DA:122,1
DA:123,1
DA:126,1
DA:129,0
DA:133,3
DA:134,3
DA:140,4
DA:141,4
DA:142,4
DA:148,4
DA:149,4
DA:151,4
DA:157,4
DA:158,4
DA:159,4
DA:161,4
DA:162,4
DA:164,3
DA:165,3
DA:167,3
DA:168,3
DA:169,3
DA:171,3
DA:174,1
DA:176,1
DA:177,1
DA:182,0
DA:183,0
DA:189,1
DA:194,2
DA:195,2
DA:197,2
DA:198,2
DA:200,1
DA:201,1
DA:203,1
DA:204,1
DA:207,1
DA:211,1
DA:212,1
DA:218,3
DA:219,3
DA:220,3
DA:221,3
DA:222,3
DA:224,3
DA:226,3
DA:228,3
DA:229,3
DA:233,0
DA:236,0
DA:241,3
DA:243,3
DA:244,3
DA:248,0
DA:249,0
DA:255,6
DA:256,6
DA:257,6
DA:258,6
DA:259,6
DA:260,6
DA:261,6
DA:264,1
LF:121
LH:94
BRDA:43,0,0,0
BRDA:43,0,1,0
BRDA:43,1,0,0
BRDA:43,1,1,0
BRDA:53,2,0,0
BRDA:53,2,1,0
BRDA:87,3,0,1
BRDA:87,3,1,1
BRDA:111,4,0,1
BRDA:111,4,1,2
BRDA:116,5,0,2
BRDA:116,5,1,0
BRDA:119,6,0,1
BRDA:119,6,1,1
BRDA:119,7,0,2
BRDA:119,7,1,2
BRDA:162,8,0,3
BRDA:162,8,1,1
BRDA:162,9,0,4
BRDA:162,9,1,3
BRDA:165,10,0,3
BRDA:165,10,1,0
BRDA:165,11,0,3
BRDA:165,11,1,3
BRDA:174,12,0,1
BRDA:174,12,1,0
BRDA:198,13,0,1
BRDA:198,13,1,1
BRDA:198,14,0,2
BRDA:198,14,1,1
BRDA:201,15,0,1
BRDA:201,15,1,0
BRDA:224,16,0,3
BRDA:224,16,1,0
BRF:34
BRH:23
end_of_record
TN:
SF:/testbed/modules/crypt.js
FN:7,(anonymous_0)
FN:14,(anonymous_1)
FNF:2
FNH:2
FNDA:19,(anonymous_0)
FNDA:11,(anonymous_1)
DA:2,2
DA:3,2
DA:5,2
DA:9,19
DA:10,19
DA:11,19
DA:16,11
DA:17,11
DA:18,11
LF:9
LH:9
BRF:0
BRH:0
end_of_record
TN:
SF:/testbed/modules/utils.js
FN:7,(anonymous_0)
FN:17,(anonymous_1)
FN:27,(anonymous_2)
FN:42,(anonymous_3)
FN:49,(anonymous_4)
FN:61,(anonymous_5)
FNF:6
FNH:6
FNDA:2,(anonymous_0)
FNDA:1,(anonymous_1)
FNDA:5,(anonymous_2)
FNDA:3,(anonymous_3)
FNDA:1,(anonymous_4)
FNDA:5,(anonymous_5)
DA:1,1
DA:3,1
DA:9,2
DA:19,1
DA:29,5
DA:34,4
DA:38,1
DA:44,3
DA:45,3
DA:46,3
DA:51,1
DA:52,1
DA:54,1
DA:55,1
DA:57,1
DA:58,1
DA:63,5
DA:64,3
DA:65,2
LF:19
LH:19
BRDA:29,0,0,4
BRDA:29,0,1,1
BRDA:29,1,0,5
BRDA:29,1,1,4
BRDA:29,1,2,3
BRDA:29,1,3,2
BRDA:63,2,0,2
BRDA:63,2,1,3
BRDA:63,3,0,5
BRDA:63,3,1,3
BRDA:64,4,0,1
BRDA:64,4,1,2
BRDA:64,5,0,3
BRDA:64,5,1,2
BRF:14
BRH:14
end_of_record
